TN:
SF:/Users/vincentverges/Documents/JAVASCRIPT/UT/div.js
FN:1,div
FNF:1
FNH:1
FNDA:1,div
DA:2,1
DA:4,1
LF:2
LH:2
BRF:0
BRH:0
end_of_record
TN:
SF:/Users/vincentverges/Documents/JAVASCRIPT/UT/from2000.js
FN:3,from2000
FNF:1
FNH:1
FNDA:1,from2000
DA:1,1
DA:4,1
DA:7,1
LF:3
LH:3
BRF:0
BRH:0
end_of_record
TN:
SF:/Users/vincentverges/Documents/JAVASCRIPT/UT/mul.js
FN:1,mul
FNF:1
FNH:1
FNDA:1,mul
DA:2,1
DA:4,1
LF:2
LH:2
BRF:0
BRH:0
end_of_record
TN:
SF:/Users/vincentverges/Documents/JAVASCRIPT/UT/sub.js
FN:1,sub
FNF:1
FNH:1
FNDA:1,sub
DA:2,1
DA:4,1
LF:2
LH:2
BRF:0
BRH:0
end_of_record
TN:
SF:/Users/vincentverges/Documents/JAVASCRIPT/UT/sum.js
FN:1,sum
FNF:1
FNH:1
FNDA:1,sum
DA:2,1
DA:4,1
LF:2
LH:2
BRF:0
BRH:0
end_of_record
